[2014-10-17 11:40:20] INFO  WEBrick 1.3.1
[2014-10-17 11:40:20] INFO  ruby 1.9.3 (2013-11-22) [x86_64-linux]
[2014-10-17 11:40:20] INFO  WEBrick::HTTPServer#start: pid=30139 port=80
208.185.23.206 - - [17/Oct/2014 11:40:22] "GET / HTTP/1.1" 200 683 0.0327
208.185.23.206 - - [17/Oct/2014 11:40:22] "GET /stylesheets/styles.css HTTP/1.1" 200 1475 0.0012
208.185.23.206 - - [17/Oct/2014 11:40:22] "GET /favicon.ico HTTP/1.1" 404 448 0.0013
107.107.61.97 - - [17/Oct/2014 11:41:09] "GET / HTTP/1.1" 200 683 0.0031
107.107.61.97 - - [17/Oct/2014 11:41:10] "GET /stylesheets/styles.css HTTP/1.1" 200 1475 0.0025
107.107.61.97 - - [17/Oct/2014 11:41:10] "GET /favicon.ico HTTP/1.1" 404 448 0.0020
107.107.61.97 - - [17/Oct/2014 11:43:30] "GET /foods HTTP/1.1" 200 627 0.1130
107.107.61.97 - - [17/Oct/2014 11:43:41] "GET / HTTP/1.1" 200 683 0.0026
107.107.61.97 - - [17/Oct/2014 11:44:11] "GET /parties HTTP/1.1" 200 515 0.0058
107.107.61.97 - - [17/Oct/2014 11:44:15] "GET /parties/new HTTP/1.1" 200 811 0.0025
107.107.61.97 - - [17/Oct/2014 11:44:19] "GET /foods HTTP/1.1" 200 627 0.0038
107.107.61.97 - - [17/Oct/2014 11:45:48] "GET /foods HTTP/1.1" 200 627 0.0086
107.107.61.97 - - [17/Oct/2014 11:45:49] "GET /stylesheets/styles.css HTTP/1.1" 304 - 0.0013
[2014-10-17 11:45:49] WARN  Could not determine content-length of response body. Set content-length of the response or set Response#chunked = true
107.107.61.97 - - [17/Oct/2014 11:45:51] "GET /foods/new HTTP/1.1" 200 736 0.0025
107.107.61.97 - - [17/Oct/2014 11:46:45] "GET /parties HTTP/1.1" 200 515 0.0038
107.107.61.97 - - [17/Oct/2014 11:46:52] "GET /parties/new HTTP/1.1" 200 811 0.0024
208.185.23.206 - - [17/Oct/2014 11:49:54] "GET /foods HTTP/1.1" 200 627 0.0138
208.185.23.206 - - [17/Oct/2014 11:49:54] "GET /stylesheets/styles.css HTTP/1.1" 304 - 0.0018
[2014-10-17 11:49:54] WARN  Could not determine content-length of response body. Set content-length of the response or set Response#chunked = true
208.185.23.206 - - [17/Oct/2014 11:49:56] "GET /foods/new HTTP/1.1" 200 736 0.0027
208.185.23.206 - - [17/Oct/2014 11:50:17] "GET / HTTP/1.1" 200 683 0.0064
208.185.23.206 - - [17/Oct/2014 11:50:19] "GET /parties/new HTTP/1.1" 200 811 0.0026
208.185.23.206 - - [17/Oct/2014 11:50:41] "POST /parties HTTP/1.1" 303 - 0.0535
208.185.23.206 - - [17/Oct/2014 11:50:41] "GET /parties HTTP/1.1" 200 638 0.0042
208.185.23.206 - - [17/Oct/2014 11:51:10] "GET /parties/1 HTTP/1.1" 200 1122 0.0151
208.185.23.206 - - [17/Oct/2014 11:52:15] "GET / HTTP/1.1" 200 683 0.0062
174.236.71.47 - - [17/Oct/2014 12:25:33] "GET / HTTP/1.1" 200 683 0.0062
174.236.71.47 - - [17/Oct/2014 12:25:33] "GET /stylesheets/styles.css HTTP/1.1" 200 1475 0.0015
174.236.71.47 - - [17/Oct/2014 12:25:46] "GET /foods HTTP/1.1" 200 627 0.0072
107.107.61.97 - - [17/Oct/2014 12:29:58] "GET /foods HTTP/1.1" 200 627 0.0081
107.107.61.97 - - [17/Oct/2014 12:29:58] "GET /stylesheets/styles.css HTTP/1.1" 304 - 0.0010
[2014-10-17 12:29:58] WARN  Could not determine content-length of response body. Set content-length of the response or set Response#chunked = true
107.107.61.97 - - [17/Oct/2014 12:30:02] "GET /foods/new HTTP/1.1" 200 736 0.0027
211.24.38.103 - - [17/Oct/2014 13:21:24] "GET /tmUnblock.cgi HTTP/1.1" 404 450 0.0030
208.185.23.206 - - [17/Oct/2014 14:22:35] "GET /foods HTTP/1.1" 200 627 0.0115
208.185.23.206 - - [17/Oct/2014 14:22:35] "GET /stylesheets/styles.css HTTP/1.1" 304 - 0.0013
[2014-10-17 14:22:35] WARN  Could not determine content-length of response body. Set content-length of the response or set Response#chunked = true
68.244.112.197 - - [17/Oct/2014 14:24:44] "GET / HTTP/1.1" 200 683 0.0064
68.244.112.197 - - [17/Oct/2014 14:24:44] "GET /stylesheets/styles.css HTTP/1.1" 200 1475 0.0016
68.244.112.197 - - [17/Oct/2014 14:24:45] "GET /favicon.ico HTTP/1.1" 404 448 0.0029
208.185.23.206 - - [17/Oct/2014 14:33:03] "GET / HTTP/1.1" 200 683 0.0078
208.185.23.206 - - [17/Oct/2014 14:33:05] "GET /parties HTTP/1.1" 200 638 0.0080
208.185.23.206 - - [17/Oct/2014 14:33:05] "GET /parties/1 HTTP/1.1" 200 1122 0.0187
208.185.23.206 - - [17/Oct/2014 14:42:57] "GET / HTTP/1.1" 200 683 0.0122
208.185.23.206 - - [17/Oct/2014 14:42:58] "GET /stylesheets/styles.css HTTP/1.1" 304 - 0.0021
[2014-10-17 14:42:58] WARN  Could not determine content-length of response body. Set content-length of the response or set Response#chunked = true
208.185.23.206 - - [17/Oct/2014 14:43:10] "GET /foods HTTP/1.1" 200 627 0.0144
208.185.23.206 - - [17/Oct/2014 14:43:11] "GET /foods/new HTTP/1.1" 200 736 0.0064
ActiveRecord::UnknownAttributeError - unknown attribute: cuisine:
	/var/lib/gems/1.9.1/gems/activerecord-4.1.6/lib/active_record/attribute_assignment.rb:50:in `rescue in _assign_attribute'
	/var/lib/gems/1.9.1/gems/activerecord-4.1.6/lib/active_record/attribute_assignment.rb:45:in `_assign_attribute'
	/var/lib/gems/1.9.1/gems/activerecord-4.1.6/lib/active_record/attribute_assignment.rb:32:in `block in assign_attributes'
	/var/lib/gems/1.9.1/gems/activerecord-4.1.6/lib/active_record/attribute_assignment.rb:26:in `each'
	/var/lib/gems/1.9.1/gems/activerecord-4.1.6/lib/active_record/attribute_assignment.rb:26:in `assign_attributes'
	/var/lib/gems/1.9.1/gems/activerecord-4.1.6/lib/active_record/core.rb:455:in `init_attributes'
	/var/lib/gems/1.9.1/gems/activerecord-4.1.6/lib/active_record/core.rb:198:in `initialize'
	/var/lib/gems/1.9.1/gems/activerecord-4.1.6/lib/active_record/inheritance.rb:30:in `new'
	/var/lib/gems/1.9.1/gems/activerecord-4.1.6/lib/active_record/inheritance.rb:30:in `new'
	/var/lib/gems/1.9.1/gems/activerecord-4.1.6/lib/active_record/persistence.rb:33:in `create'
	/root/RESTurant_app/app.rb:41:in `block in <top (required)>'
	/var/lib/gems/1.9.1/gems/sinatra-1.4.5/lib/sinatra/base.rb:1603:in `call'
	/var/lib/gems/1.9.1/gems/sinatra-1.4.5/lib/sinatra/base.rb:1603:in `block in compile!'
	/var/lib/gems/1.9.1/gems/sinatra-1.4.5/lib/sinatra/base.rb:966:in `[]'
	/var/lib/gems/1.9.1/gems/sinatra-1.4.5/lib/sinatra/base.rb:966:in `block (3 levels) in route!'
	/var/lib/gems/1.9.1/gems/sinatra-1.4.5/lib/sinatra/base.rb:985:in `route_eval'
	/var/lib/gems/1.9.1/gems/sinatra-1.4.5/lib/sinatra/base.rb:966:in `block (2 levels) in route!'
	/var/lib/gems/1.9.1/gems/sinatra-1.4.5/lib/sinatra/base.rb:1006:in `block in process_route'
	/var/lib/gems/1.9.1/gems/sinatra-1.4.5/lib/sinatra/base.rb:1004:in `catch'
	/var/lib/gems/1.9.1/gems/sinatra-1.4.5/lib/sinatra/base.rb:1004:in `process_route'
	/var/lib/gems/1.9.1/gems/sinatra-1.4.5/lib/sinatra/base.rb:964:in `block in route!'
	/var/lib/gems/1.9.1/gems/sinatra-1.4.5/lib/sinatra/base.rb:963:in `each'
	/var/lib/gems/1.9.1/gems/sinatra-1.4.5/lib/sinatra/base.rb:963:in `route!'
	/var/lib/gems/1.9.1/gems/sinatra-1.4.5/lib/sinatra/base.rb:1076:in `block in dispatch!'
	/var/lib/gems/1.9.1/gems/sinatra-1.4.5/lib/sinatra/base.rb:1058:in `block in invoke'
	/var/lib/gems/1.9.1/gems/sinatra-1.4.5/lib/sinatra/base.rb:1058:in `catch'
	/var/lib/gems/1.9.1/gems/sinatra-1.4.5/lib/sinatra/base.rb:1058:in `invoke'
	/var/lib/gems/1.9.1/gems/sinatra-1.4.5/lib/sinatra/base.rb:1073:in `dispatch!'
	/var/lib/gems/1.9.1/gems/sinatra-1.4.5/lib/sinatra/base.rb:898:in `block in call!'
	/var/lib/gems/1.9.1/gems/sinatra-1.4.5/lib/sinatra/base.rb:1058:in `block in invoke'
	/var/lib/gems/1.9.1/gems/sinatra-1.4.5/lib/sinatra/base.rb:1058:in `catch'
	/var/lib/gems/1.9.1/gems/sinatra-1.4.5/lib/sinatra/base.rb:1058:in `invoke'
	/var/lib/gems/1.9.1/gems/sinatra-1.4.5/lib/sinatra/base.rb:898:in `call!'
	/var/lib/gems/1.9.1/gems/sinatra-1.4.5/lib/sinatra/base.rb:886:in `call'
	/var/lib/gems/1.9.1/gems/rack-protection-1.5.3/lib/rack/protection/xss_header.rb:18:in `call'
	/var/lib/gems/1.9.1/gems/rack-protection-1.5.3/lib/rack/protection/path_traversal.rb:16:in `call'
	/var/lib/gems/1.9.1/gems/rack-protection-1.5.3/lib/rack/protection/json_csrf.rb:18:in `call'
	/var/lib/gems/1.9.1/gems/rack-protection-1.5.3/lib/rack/protection/base.rb:49:in `call'
	/var/lib/gems/1.9.1/gems/rack-protection-1.5.3/lib/rack/protection/base.rb:49:in `call'
	/var/lib/gems/1.9.1/gems/rack-protection-1.5.3/lib/rack/protection/frame_options.rb:31:in `call'
	/var/lib/gems/1.9.1/gems/rack-1.5.2/lib/rack/logger.rb:15:in `call'
	/var/lib/gems/1.9.1/gems/sinatra-1.4.5/lib/sinatra/base.rb:210:in `call'
	/var/lib/gems/1.9.1/gems/rack-1.5.2/lib/rack/head.rb:11:in `call'
	/var/lib/gems/1.9.1/gems/rack-1.5.2/lib/rack/methodoverride.rb:21:in `call'
	/var/lib/gems/1.9.1/gems/sinatra-1.4.5/lib/sinatra/show_exceptions.rb:21:in `call'
	/var/lib/gems/1.9.1/gems/sinatra-1.4.5/lib/sinatra/base.rb:180:in `call'
	/var/lib/gems/1.9.1/gems/sinatra-1.4.5/lib/sinatra/base.rb:2014:in `call'
	/var/lib/gems/1.9.1/gems/sinatra-1.4.5/lib/sinatra/base.rb:1478:in `block in call'
	/var/lib/gems/1.9.1/gems/sinatra-1.4.5/lib/sinatra/base.rb:1788:in `synchronize'
	/var/lib/gems/1.9.1/gems/sinatra-1.4.5/lib/sinatra/base.rb:1478:in `call'
	/var/lib/gems/1.9.1/gems/rack-1.5.2/lib/rack/lint.rb:49:in `_call'
	/var/lib/gems/1.9.1/gems/rack-1.5.2/lib/rack/lint.rb:37:in `call'
	/var/lib/gems/1.9.1/gems/rack-1.5.2/lib/rack/showexceptions.rb:24:in `call'
	/var/lib/gems/1.9.1/gems/rack-1.5.2/lib/rack/commonlogger.rb:33:in `call'
	/var/lib/gems/1.9.1/gems/sinatra-1.4.5/lib/sinatra/base.rb:217:in `call'
	/var/lib/gems/1.9.1/gems/rack-1.5.2/lib/rack/chunked.rb:43:in `call'
	/var/lib/gems/1.9.1/gems/rack-1.5.2/lib/rack/content_length.rb:14:in `call'
	/var/lib/gems/1.9.1/gems/rack-1.5.2/lib/rack/handler/webrick.rb:60:in `service'
	/usr/lib/ruby/1.9.1/webrick/httpserver.rb:138:in `service'
	/usr/lib/ruby/1.9.1/webrick/httpserver.rb:94:in `run'
	/usr/lib/ruby/1.9.1/webrick/server.rb:191:in `block in start_thread'
208.185.23.206 - - [17/Oct/2014 14:44:28] "POST /foods HTTP/1.1" 500 170297 0.1523
208.185.23.206 - - [17/Oct/2014 14:44:28] "GET /__sinatra__/500.png HTTP/1.1" 200 24378 0.0084
ActiveRecord::UnknownAttributeError - unknown attribute: cuisine:
	/var/lib/gems/1.9.1/gems/activerecord-4.1.6/lib/active_record/attribute_assignment.rb:50:in `rescue in _assign_attribute'
	/var/lib/gems/1.9.1/gems/activerecord-4.1.6/lib/active_record/attribute_assignment.rb:45:in `_assign_attribute'
	/var/lib/gems/1.9.1/gems/activerecord-4.1.6/lib/active_record/attribute_assignment.rb:32:in `block in assign_attributes'
	/var/lib/gems/1.9.1/gems/activerecord-4.1.6/lib/active_record/attribute_assignment.rb:26:in `each'
	/var/lib/gems/1.9.1/gems/activerecord-4.1.6/lib/active_record/attribute_assignment.rb:26:in `assign_attributes'
	/var/lib/gems/1.9.1/gems/activerecord-4.1.6/lib/active_record/core.rb:455:in `init_attributes'
	/var/lib/gems/1.9.1/gems/activerecord-4.1.6/lib/active_record/core.rb:198:in `initialize'
	/var/lib/gems/1.9.1/gems/activerecord-4.1.6/lib/active_record/inheritance.rb:30:in `new'
	/var/lib/gems/1.9.1/gems/activerecord-4.1.6/lib/active_record/inheritance.rb:30:in `new'
	/var/lib/gems/1.9.1/gems/activerecord-4.1.6/lib/active_record/persistence.rb:33:in `create'
	/root/RESTurant_app/app.rb:41:in `block in <top (required)>'
	/var/lib/gems/1.9.1/gems/sinatra-1.4.5/lib/sinatra/base.rb:1603:in `call'
	/var/lib/gems/1.9.1/gems/sinatra-1.4.5/lib/sinatra/base.rb:1603:in `block in compile!'
	/var/lib/gems/1.9.1/gems/sinatra-1.4.5/lib/sinatra/base.rb:966:in `[]'
	/var/lib/gems/1.9.1/gems/sinatra-1.4.5/lib/sinatra/base.rb:966:in `block (3 levels) in route!'
	/var/lib/gems/1.9.1/gems/sinatra-1.4.5/lib/sinatra/base.rb:985:in `route_eval'
	/var/lib/gems/1.9.1/gems/sinatra-1.4.5/lib/sinatra/base.rb:966:in `block (2 levels) in route!'
	/var/lib/gems/1.9.1/gems/sinatra-1.4.5/lib/sinatra/base.rb:1006:in `block in process_route'
	/var/lib/gems/1.9.1/gems/sinatra-1.4.5/lib/sinatra/base.rb:1004:in `catch'
	/var/lib/gems/1.9.1/gems/sinatra-1.4.5/lib/sinatra/base.rb:1004:in `process_route'
	/var/lib/gems/1.9.1/gems/sinatra-1.4.5/lib/sinatra/base.rb:964:in `block in route!'
	/var/lib/gems/1.9.1/gems/sinatra-1.4.5/lib/sinatra/base.rb:963:in `each'
	/var/lib/gems/1.9.1/gems/sinatra-1.4.5/lib/sinatra/base.rb:963:in `route!'
	/var/lib/gems/1.9.1/gems/sinatra-1.4.5/lib/sinatra/base.rb:1076:in `block in dispatch!'
	/var/lib/gems/1.9.1/gems/sinatra-1.4.5/lib/sinatra/base.rb:1058:in `block in invoke'
	/var/lib/gems/1.9.1/gems/sinatra-1.4.5/lib/sinatra/base.rb:1058:in `catch'
	/var/lib/gems/1.9.1/gems/sinatra-1.4.5/lib/sinatra/base.rb:1058:in `invoke'
	/var/lib/gems/1.9.1/gems/sinatra-1.4.5/lib/sinatra/base.rb:1073:in `dispatch!'
	/var/lib/gems/1.9.1/gems/sinatra-1.4.5/lib/sinatra/base.rb:898:in `block in call!'
	/var/lib/gems/1.9.1/gems/sinatra-1.4.5/lib/sinatra/base.rb:1058:in `block in invoke'
	/var/lib/gems/1.9.1/gems/sinatra-1.4.5/lib/sinatra/base.rb:1058:in `catch'
	/var/lib/gems/1.9.1/gems/sinatra-1.4.5/lib/sinatra/base.rb:1058:in `invoke'
	/var/lib/gems/1.9.1/gems/sinatra-1.4.5/lib/sinatra/base.rb:898:in `call!'
	/var/lib/gems/1.9.1/gems/sinatra-1.4.5/lib/sinatra/base.rb:886:in `call'
	/var/lib/gems/1.9.1/gems/rack-protection-1.5.3/lib/rack/protection/xss_header.rb:18:in `call'
	/var/lib/gems/1.9.1/gems/rack-protection-1.5.3/lib/rack/protection/path_traversal.rb:16:in `call'
	/var/lib/gems/1.9.1/gems/rack-protection-1.5.3/lib/rack/protection/json_csrf.rb:18:in `call'
	/var/lib/gems/1.9.1/gems/rack-protection-1.5.3/lib/rack/protection/base.rb:49:in `call'
	/var/lib/gems/1.9.1/gems/rack-protection-1.5.3/lib/rack/protection/base.rb:49:in `call'
	/var/lib/gems/1.9.1/gems/rack-protection-1.5.3/lib/rack/protection/frame_options.rb:31:in `call'
	/var/lib/gems/1.9.1/gems/rack-1.5.2/lib/rack/logger.rb:15:in `call'
	/var/lib/gems/1.9.1/gems/sinatra-1.4.5/lib/sinatra/base.rb:210:in `call'
	/var/lib/gems/1.9.1/gems/rack-1.5.2/lib/rack/head.rb:11:in `call'
	/var/lib/gems/1.9.1/gems/rack-1.5.2/lib/rack/methodoverride.rb:21:in `call'
	/var/lib/gems/1.9.1/gems/sinatra-1.4.5/lib/sinatra/show_exceptions.rb:21:in `call'
	/var/lib/gems/1.9.1/gems/sinatra-1.4.5/lib/sinatra/base.rb:180:in `call'
	/var/lib/gems/1.9.1/gems/sinatra-1.4.5/lib/sinatra/base.rb:2014:in `call'
	/var/lib/gems/1.9.1/gems/sinatra-1.4.5/lib/sinatra/base.rb:1478:in `block in call'
	/var/lib/gems/1.9.1/gems/sinatra-1.4.5/lib/sinatra/base.rb:1788:in `synchronize'
	/var/lib/gems/1.9.1/gems/sinatra-1.4.5/lib/sinatra/base.rb:1478:in `call'
	/var/lib/gems/1.9.1/gems/rack-1.5.2/lib/rack/lint.rb:49:in `_call'
	/var/lib/gems/1.9.1/gems/rack-1.5.2/lib/rack/lint.rb:37:in `call'
	/var/lib/gems/1.9.1/gems/rack-1.5.2/lib/rack/showexceptions.rb:24:in `call'
	/var/lib/gems/1.9.1/gems/rack-1.5.2/lib/rack/commonlogger.rb:33:in `call'
	/var/lib/gems/1.9.1/gems/sinatra-1.4.5/lib/sinatra/base.rb:217:in `call'
	/var/lib/gems/1.9.1/gems/rack-1.5.2/lib/rack/chunked.rb:43:in `call'
	/var/lib/gems/1.9.1/gems/rack-1.5.2/lib/rack/content_length.rb:14:in `call'
	/var/lib/gems/1.9.1/gems/rack-1.5.2/lib/rack/handler/webrick.rb:60:in `service'
	/usr/lib/ruby/1.9.1/webrick/httpserver.rb:138:in `service'
	/usr/lib/ruby/1.9.1/webrick/httpserver.rb:94:in `run'
	/usr/lib/ruby/1.9.1/webrick/server.rb:191:in `block in start_thread'
208.185.23.206 - - [17/Oct/2014 14:44:46] "POST /foods HTTP/1.1" 500 170297 0.1394
ActiveRecord::UnknownAttributeError - unknown attribute: cuisine:
	/var/lib/gems/1.9.1/gems/activerecord-4.1.6/lib/active_record/attribute_assignment.rb:50:in `rescue in _assign_attribute'
	/var/lib/gems/1.9.1/gems/activerecord-4.1.6/lib/active_record/attribute_assignment.rb:45:in `_assign_attribute'
	/var/lib/gems/1.9.1/gems/activerecord-4.1.6/lib/active_record/attribute_assignment.rb:32:in `block in assign_attributes'
	/var/lib/gems/1.9.1/gems/activerecord-4.1.6/lib/active_record/attribute_assignment.rb:26:in `each'
	/var/lib/gems/1.9.1/gems/activerecord-4.1.6/lib/active_record/attribute_assignment.rb:26:in `assign_attributes'
	/var/lib/gems/1.9.1/gems/activerecord-4.1.6/lib/active_record/core.rb:455:in `init_attributes'
	/var/lib/gems/1.9.1/gems/activerecord-4.1.6/lib/active_record/core.rb:198:in `initialize'
	/var/lib/gems/1.9.1/gems/activerecord-4.1.6/lib/active_record/inheritance.rb:30:in `new'
	/var/lib/gems/1.9.1/gems/activerecord-4.1.6/lib/active_record/inheritance.rb:30:in `new'
	/var/lib/gems/1.9.1/gems/activerecord-4.1.6/lib/active_record/persistence.rb:33:in `create'
	/root/RESTurant_app/app.rb:41:in `block in <top (required)>'
	/var/lib/gems/1.9.1/gems/sinatra-1.4.5/lib/sinatra/base.rb:1603:in `call'
	/var/lib/gems/1.9.1/gems/sinatra-1.4.5/lib/sinatra/base.rb:1603:in `block in compile!'
	/var/lib/gems/1.9.1/gems/sinatra-1.4.5/lib/sinatra/base.rb:966:in `[]'
	/var/lib/gems/1.9.1/gems/sinatra-1.4.5/lib/sinatra/base.rb:966:in `block (3 levels) in route!'
	/var/lib/gems/1.9.1/gems/sinatra-1.4.5/lib/sinatra/base.rb:985:in `route_eval'
	/var/lib/gems/1.9.1/gems/sinatra-1.4.5/lib/sinatra/base.rb:966:in `block (2 levels) in route!'
	/var/lib/gems/1.9.1/gems/sinatra-1.4.5/lib/sinatra/base.rb:1006:in `block in process_route'
	/var/lib/gems/1.9.1/gems/sinatra-1.4.5/lib/sinatra/base.rb:1004:in `catch'
	/var/lib/gems/1.9.1/gems/sinatra-1.4.5/lib/sinatra/base.rb:1004:in `process_route'
	/var/lib/gems/1.9.1/gems/sinatra-1.4.5/lib/sinatra/base.rb:964:in `block in route!'
	/var/lib/gems/1.9.1/gems/sinatra-1.4.5/lib/sinatra/base.rb:963:in `each'
	/var/lib/gems/1.9.1/gems/sinatra-1.4.5/lib/sinatra/base.rb:963:in `route!'
	/var/lib/gems/1.9.1/gems/sinatra-1.4.5/lib/sinatra/base.rb:1076:in `block in dispatch!'
	/var/lib/gems/1.9.1/gems/sinatra-1.4.5/lib/sinatra/base.rb:1058:in `block in invoke'
	/var/lib/gems/1.9.1/gems/sinatra-1.4.5/lib/sinatra/base.rb:1058:in `catch'
	/var/lib/gems/1.9.1/gems/sinatra-1.4.5/lib/sinatra/base.rb:1058:in `invoke'
	/var/lib/gems/1.9.1/gems/sinatra-1.4.5/lib/sinatra/base.rb:1073:in `dispatch!'
	/var/lib/gems/1.9.1/gems/sinatra-1.4.5/lib/sinatra/base.rb:898:in `block in call!'
	/var/lib/gems/1.9.1/gems/sinatra-1.4.5/lib/sinatra/base.rb:1058:in `block in invoke'
	/var/lib/gems/1.9.1/gems/sinatra-1.4.5/lib/sinatra/base.rb:1058:in `catch'
	/var/lib/gems/1.9.1/gems/sinatra-1.4.5/lib/sinatra/base.rb:1058:in `invoke'
	/var/lib/gems/1.9.1/gems/sinatra-1.4.5/lib/sinatra/base.rb:898:in `call!'
	/var/lib/gems/1.9.1/gems/sinatra-1.4.5/lib/sinatra/base.rb:886:in `call'
	/var/lib/gems/1.9.1/gems/rack-protection-1.5.3/lib/rack/protection/xss_header.rb:18:in `call'
	/var/lib/gems/1.9.1/gems/rack-protection-1.5.3/lib/rack/protection/path_traversal.rb:16:in `call'
	/var/lib/gems/1.9.1/gems/rack-protection-1.5.3/lib/rack/protection/json_csrf.rb:18:in `call'
	/var/lib/gems/1.9.1/gems/rack-protection-1.5.3/lib/rack/protection/base.rb:49:in `call'
	/var/lib/gems/1.9.1/gems/rack-protection-1.5.3/lib/rack/protection/base.rb:49:in `call'
	/var/lib/gems/1.9.1/gems/rack-protection-1.5.3/lib/rack/protection/frame_options.rb:31:in `call'
	/var/lib/gems/1.9.1/gems/rack-1.5.2/lib/rack/logger.rb:15:in `call'
	/var/lib/gems/1.9.1/gems/sinatra-1.4.5/lib/sinatra/base.rb:210:in `call'
	/var/lib/gems/1.9.1/gems/rack-1.5.2/lib/rack/head.rb:11:in `call'
	/var/lib/gems/1.9.1/gems/rack-1.5.2/lib/rack/methodoverride.rb:21:in `call'
	/var/lib/gems/1.9.1/gems/sinatra-1.4.5/lib/sinatra/show_exceptions.rb:21:in `call'
	/var/lib/gems/1.9.1/gems/sinatra-1.4.5/lib/sinatra/base.rb:180:in `call'
	/var/lib/gems/1.9.1/gems/sinatra-1.4.5/lib/sinatra/base.rb:2014:in `call'
	/var/lib/gems/1.9.1/gems/sinatra-1.4.5/lib/sinatra/base.rb:1478:in `block in call'
	/var/lib/gems/1.9.1/gems/sinatra-1.4.5/lib/sinatra/base.rb:1788:in `synchronize'
	/var/lib/gems/1.9.1/gems/sinatra-1.4.5/lib/sinatra/base.rb:1478:in `call'
	/var/lib/gems/1.9.1/gems/rack-1.5.2/lib/rack/lint.rb:49:in `_call'
	/var/lib/gems/1.9.1/gems/rack-1.5.2/lib/rack/lint.rb:37:in `call'
	/var/lib/gems/1.9.1/gems/rack-1.5.2/lib/rack/showexceptions.rb:24:in `call'
	/var/lib/gems/1.9.1/gems/rack-1.5.2/lib/rack/commonlogger.rb:33:in `call'
	/var/lib/gems/1.9.1/gems/sinatra-1.4.5/lib/sinatra/base.rb:217:in `call'
	/var/lib/gems/1.9.1/gems/rack-1.5.2/lib/rack/chunked.rb:43:in `call'
	/var/lib/gems/1.9.1/gems/rack-1.5.2/lib/rack/content_length.rb:14:in `call'
	/var/lib/gems/1.9.1/gems/rack-1.5.2/lib/rack/handler/webrick.rb:60:in `service'
	/usr/lib/ruby/1.9.1/webrick/httpserver.rb:138:in `service'
	/usr/lib/ruby/1.9.1/webrick/httpserver.rb:94:in `run'
	/usr/lib/ruby/1.9.1/webrick/server.rb:191:in `block in start_thread'
208.185.23.206 - - [17/Oct/2014 14:46:36] "POST /foods HTTP/1.1" 500 170298 0.1332
208.185.23.206 - - [17/Oct/2014 14:50:45] "GET / HTTP/1.1" 200 683 0.0128
208.185.23.206 - - [17/Oct/2014 14:50:49] "GET /parties/new HTTP/1.1" 200 811 0.0064
208.185.23.206 - - [17/Oct/2014 14:50:55] "GET /parties HTTP/1.1" 200 638 0.0154
208.185.23.206 - - [17/Oct/2014 14:50:56] "GET /parties/1 HTTP/1.1" 200 1122 0.0166
208.185.23.206 - - [17/Oct/2014 14:51:07] "GET /foods HTTP/1.1" 200 627 0.0083
208.185.23.206 - - [17/Oct/2014 14:51:08] "GET /foods/new HTTP/1.1" 200 736 0.0056
ActiveRecord::UnknownAttributeError - unknown attribute: cuisine:
	/var/lib/gems/1.9.1/gems/activerecord-4.1.6/lib/active_record/attribute_assignment.rb:50:in `rescue in _assign_attribute'
	/var/lib/gems/1.9.1/gems/activerecord-4.1.6/lib/active_record/attribute_assignment.rb:45:in `_assign_attribute'
	/var/lib/gems/1.9.1/gems/activerecord-4.1.6/lib/active_record/attribute_assignment.rb:32:in `block in assign_attributes'
	/var/lib/gems/1.9.1/gems/activerecord-4.1.6/lib/active_record/attribute_assignment.rb:26:in `each'
	/var/lib/gems/1.9.1/gems/activerecord-4.1.6/lib/active_record/attribute_assignment.rb:26:in `assign_attributes'
	/var/lib/gems/1.9.1/gems/activerecord-4.1.6/lib/active_record/core.rb:455:in `init_attributes'
	/var/lib/gems/1.9.1/gems/activerecord-4.1.6/lib/active_record/core.rb:198:in `initialize'
	/var/lib/gems/1.9.1/gems/activerecord-4.1.6/lib/active_record/inheritance.rb:30:in `new'
	/var/lib/gems/1.9.1/gems/activerecord-4.1.6/lib/active_record/inheritance.rb:30:in `new'
	/var/lib/gems/1.9.1/gems/activerecord-4.1.6/lib/active_record/persistence.rb:33:in `create'
	/root/RESTurant_app/app.rb:41:in `block in <top (required)>'
	/var/lib/gems/1.9.1/gems/sinatra-1.4.5/lib/sinatra/base.rb:1603:in `call'
	/var/lib/gems/1.9.1/gems/sinatra-1.4.5/lib/sinatra/base.rb:1603:in `block in compile!'
	/var/lib/gems/1.9.1/gems/sinatra-1.4.5/lib/sinatra/base.rb:966:in `[]'
	/var/lib/gems/1.9.1/gems/sinatra-1.4.5/lib/sinatra/base.rb:966:in `block (3 levels) in route!'
	/var/lib/gems/1.9.1/gems/sinatra-1.4.5/lib/sinatra/base.rb:985:in `route_eval'
	/var/lib/gems/1.9.1/gems/sinatra-1.4.5/lib/sinatra/base.rb:966:in `block (2 levels) in route!'
	/var/lib/gems/1.9.1/gems/sinatra-1.4.5/lib/sinatra/base.rb:1006:in `block in process_route'
	/var/lib/gems/1.9.1/gems/sinatra-1.4.5/lib/sinatra/base.rb:1004:in `catch'
	/var/lib/gems/1.9.1/gems/sinatra-1.4.5/lib/sinatra/base.rb:1004:in `process_route'
	/var/lib/gems/1.9.1/gems/sinatra-1.4.5/lib/sinatra/base.rb:964:in `block in route!'
	/var/lib/gems/1.9.1/gems/sinatra-1.4.5/lib/sinatra/base.rb:963:in `each'
	/var/lib/gems/1.9.1/gems/sinatra-1.4.5/lib/sinatra/base.rb:963:in `route!'
	/var/lib/gems/1.9.1/gems/sinatra-1.4.5/lib/sinatra/base.rb:1076:in `block in dispatch!'
	/var/lib/gems/1.9.1/gems/sinatra-1.4.5/lib/sinatra/base.rb:1058:in `block in invoke'
	/var/lib/gems/1.9.1/gems/sinatra-1.4.5/lib/sinatra/base.rb:1058:in `catch'
	/var/lib/gems/1.9.1/gems/sinatra-1.4.5/lib/sinatra/base.rb:1058:in `invoke'
	/var/lib/gems/1.9.1/gems/sinatra-1.4.5/lib/sinatra/base.rb:1073:in `dispatch!'
	/var/lib/gems/1.9.1/gems/sinatra-1.4.5/lib/sinatra/base.rb:898:in `block in call!'
	/var/lib/gems/1.9.1/gems/sinatra-1.4.5/lib/sinatra/base.rb:1058:in `block in invoke'
	/var/lib/gems/1.9.1/gems/sinatra-1.4.5/lib/sinatra/base.rb:1058:in `catch'
	/var/lib/gems/1.9.1/gems/sinatra-1.4.5/lib/sinatra/base.rb:1058:in `invoke'
	/var/lib/gems/1.9.1/gems/sinatra-1.4.5/lib/sinatra/base.rb:898:in `call!'
	/var/lib/gems/1.9.1/gems/sinatra-1.4.5/lib/sinatra/base.rb:886:in `call'
	/var/lib/gems/1.9.1/gems/rack-protection-1.5.3/lib/rack/protection/xss_header.rb:18:in `call'
	/var/lib/gems/1.9.1/gems/rack-protection-1.5.3/lib/rack/protection/path_traversal.rb:16:in `call'
	/var/lib/gems/1.9.1/gems/rack-protection-1.5.3/lib/rack/protection/json_csrf.rb:18:in `call'
	/var/lib/gems/1.9.1/gems/rack-protection-1.5.3/lib/rack/protection/base.rb:49:in `call'
	/var/lib/gems/1.9.1/gems/rack-protection-1.5.3/lib/rack/protection/base.rb:49:in `call'
	/var/lib/gems/1.9.1/gems/rack-protection-1.5.3/lib/rack/protection/frame_options.rb:31:in `call'
	/var/lib/gems/1.9.1/gems/rack-1.5.2/lib/rack/logger.rb:15:in `call'
	/var/lib/gems/1.9.1/gems/sinatra-1.4.5/lib/sinatra/base.rb:210:in `call'
	/var/lib/gems/1.9.1/gems/rack-1.5.2/lib/rack/head.rb:11:in `call'
	/var/lib/gems/1.9.1/gems/rack-1.5.2/lib/rack/methodoverride.rb:21:in `call'
	/var/lib/gems/1.9.1/gems/sinatra-1.4.5/lib/sinatra/show_exceptions.rb:21:in `call'
	/var/lib/gems/1.9.1/gems/sinatra-1.4.5/lib/sinatra/base.rb:180:in `call'
	/var/lib/gems/1.9.1/gems/sinatra-1.4.5/lib/sinatra/base.rb:2014:in `call'
	/var/lib/gems/1.9.1/gems/sinatra-1.4.5/lib/sinatra/base.rb:1478:in `block in call'
	/var/lib/gems/1.9.1/gems/sinatra-1.4.5/lib/sinatra/base.rb:1788:in `synchronize'
	/var/lib/gems/1.9.1/gems/sinatra-1.4.5/lib/sinatra/base.rb:1478:in `call'
	/var/lib/gems/1.9.1/gems/rack-1.5.2/lib/rack/lint.rb:49:in `_call'
	/var/lib/gems/1.9.1/gems/rack-1.5.2/lib/rack/lint.rb:37:in `call'
	/var/lib/gems/1.9.1/gems/rack-1.5.2/lib/rack/showexceptions.rb:24:in `call'
	/var/lib/gems/1.9.1/gems/rack-1.5.2/lib/rack/commonlogger.rb:33:in `call'
	/var/lib/gems/1.9.1/gems/sinatra-1.4.5/lib/sinatra/base.rb:217:in `call'
	/var/lib/gems/1.9.1/gems/rack-1.5.2/lib/rack/chunked.rb:43:in `call'
	/var/lib/gems/1.9.1/gems/rack-1.5.2/lib/rack/content_length.rb:14:in `call'
	/var/lib/gems/1.9.1/gems/rack-1.5.2/lib/rack/handler/webrick.rb:60:in `service'
	/usr/lib/ruby/1.9.1/webrick/httpserver.rb:138:in `service'
	/usr/lib/ruby/1.9.1/webrick/httpserver.rb:94:in `run'
	/usr/lib/ruby/1.9.1/webrick/server.rb:191:in `block in start_thread'
208.185.23.206 - - [17/Oct/2014 14:51:40] "POST /foods HTTP/1.1" 500 170286 0.0753
208.185.23.206 - - [17/Oct/2014 15:00:04] "GET /foods/new HTTP/1.1" 200 758 0.0057
208.185.23.206 - - [17/Oct/2014 15:00:04] "GET /stylesheets/styles.css HTTP/1.1" 304 - 0.0011
[2014-10-17 15:00:04] WARN  Could not determine content-length of response body. Set content-length of the response or set Response#chunked = true
208.185.23.206 - - [17/Oct/2014 15:00:14] "GET / HTTP/1.1" 200 683 0.0059
208.185.23.206 - - [17/Oct/2014 15:00:16] "GET /foods HTTP/1.1" 200 627 0.0150
208.185.23.206 - - [17/Oct/2014 15:00:18] "GET / HTTP/1.1" 200 683 0.0060
208.185.23.206 - - [17/Oct/2014 15:00:19] "GET /foods HTTP/1.1" 200 627 0.0085
208.185.23.206 - - [17/Oct/2014 15:00:20] "GET /foods/new HTTP/1.1" 200 758 0.0053
ActiveRecord::UnknownAttributeError - unknown attribute: cuisine:
	/var/lib/gems/1.9.1/gems/activerecord-4.1.6/lib/active_record/attribute_assignment.rb:50:in `rescue in _assign_attribute'
	/var/lib/gems/1.9.1/gems/activerecord-4.1.6/lib/active_record/attribute_assignment.rb:45:in `_assign_attribute'
	/var/lib/gems/1.9.1/gems/activerecord-4.1.6/lib/active_record/attribute_assignment.rb:32:in `block in assign_attributes'
	/var/lib/gems/1.9.1/gems/activerecord-4.1.6/lib/active_record/attribute_assignment.rb:26:in `each'
	/var/lib/gems/1.9.1/gems/activerecord-4.1.6/lib/active_record/attribute_assignment.rb:26:in `assign_attributes'
	/var/lib/gems/1.9.1/gems/activerecord-4.1.6/lib/active_record/core.rb:455:in `init_attributes'
	/var/lib/gems/1.9.1/gems/activerecord-4.1.6/lib/active_record/core.rb:198:in `initialize'
	/var/lib/gems/1.9.1/gems/activerecord-4.1.6/lib/active_record/inheritance.rb:30:in `new'
	/var/lib/gems/1.9.1/gems/activerecord-4.1.6/lib/active_record/inheritance.rb:30:in `new'
	/var/lib/gems/1.9.1/gems/activerecord-4.1.6/lib/active_record/persistence.rb:33:in `create'
	/root/RESTurant_app/app.rb:41:in `block in <top (required)>'
	/var/lib/gems/1.9.1/gems/sinatra-1.4.5/lib/sinatra/base.rb:1603:in `call'
	/var/lib/gems/1.9.1/gems/sinatra-1.4.5/lib/sinatra/base.rb:1603:in `block in compile!'
	/var/lib/gems/1.9.1/gems/sinatra-1.4.5/lib/sinatra/base.rb:966:in `[]'
	/var/lib/gems/1.9.1/gems/sinatra-1.4.5/lib/sinatra/base.rb:966:in `block (3 levels) in route!'
	/var/lib/gems/1.9.1/gems/sinatra-1.4.5/lib/sinatra/base.rb:985:in `route_eval'
	/var/lib/gems/1.9.1/gems/sinatra-1.4.5/lib/sinatra/base.rb:966:in `block (2 levels) in route!'
	/var/lib/gems/1.9.1/gems/sinatra-1.4.5/lib/sinatra/base.rb:1006:in `block in process_route'
	/var/lib/gems/1.9.1/gems/sinatra-1.4.5/lib/sinatra/base.rb:1004:in `catch'
	/var/lib/gems/1.9.1/gems/sinatra-1.4.5/lib/sinatra/base.rb:1004:in `process_route'
	/var/lib/gems/1.9.1/gems/sinatra-1.4.5/lib/sinatra/base.rb:964:in `block in route!'
	/var/lib/gems/1.9.1/gems/sinatra-1.4.5/lib/sinatra/base.rb:963:in `each'
	/var/lib/gems/1.9.1/gems/sinatra-1.4.5/lib/sinatra/base.rb:963:in `route!'
	/var/lib/gems/1.9.1/gems/sinatra-1.4.5/lib/sinatra/base.rb:1076:in `block in dispatch!'
	/var/lib/gems/1.9.1/gems/sinatra-1.4.5/lib/sinatra/base.rb:1058:in `block in invoke'
	/var/lib/gems/1.9.1/gems/sinatra-1.4.5/lib/sinatra/base.rb:1058:in `catch'
	/var/lib/gems/1.9.1/gems/sinatra-1.4.5/lib/sinatra/base.rb:1058:in `invoke'
	/var/lib/gems/1.9.1/gems/sinatra-1.4.5/lib/sinatra/base.rb:1073:in `dispatch!'
	/var/lib/gems/1.9.1/gems/sinatra-1.4.5/lib/sinatra/base.rb:898:in `block in call!'
	/var/lib/gems/1.9.1/gems/sinatra-1.4.5/lib/sinatra/base.rb:1058:in `block in invoke'
	/var/lib/gems/1.9.1/gems/sinatra-1.4.5/lib/sinatra/base.rb:1058:in `catch'
	/var/lib/gems/1.9.1/gems/sinatra-1.4.5/lib/sinatra/base.rb:1058:in `invoke'
	/var/lib/gems/1.9.1/gems/sinatra-1.4.5/lib/sinatra/base.rb:898:in `call!'
	/var/lib/gems/1.9.1/gems/sinatra-1.4.5/lib/sinatra/base.rb:886:in `call'
	/var/lib/gems/1.9.1/gems/rack-protection-1.5.3/lib/rack/protection/xss_header.rb:18:in `call'
	/var/lib/gems/1.9.1/gems/rack-protection-1.5.3/lib/rack/protection/path_traversal.rb:16:in `call'
	/var/lib/gems/1.9.1/gems/rack-protection-1.5.3/lib/rack/protection/json_csrf.rb:18:in `call'
	/var/lib/gems/1.9.1/gems/rack-protection-1.5.3/lib/rack/protection/base.rb:49:in `call'
	/var/lib/gems/1.9.1/gems/rack-protection-1.5.3/lib/rack/protection/base.rb:49:in `call'
	/var/lib/gems/1.9.1/gems/rack-protection-1.5.3/lib/rack/protection/frame_options.rb:31:in `call'
	/var/lib/gems/1.9.1/gems/rack-1.5.2/lib/rack/logger.rb:15:in `call'
	/var/lib/gems/1.9.1/gems/sinatra-1.4.5/lib/sinatra/base.rb:210:in `call'
	/var/lib/gems/1.9.1/gems/rack-1.5.2/lib/rack/head.rb:11:in `call'
	/var/lib/gems/1.9.1/gems/rack-1.5.2/lib/rack/methodoverride.rb:21:in `call'
	/var/lib/gems/1.9.1/gems/sinatra-1.4.5/lib/sinatra/show_exceptions.rb:21:in `call'
	/var/lib/gems/1.9.1/gems/sinatra-1.4.5/lib/sinatra/base.rb:180:in `call'
	/var/lib/gems/1.9.1/gems/sinatra-1.4.5/lib/sinatra/base.rb:2014:in `call'
	/var/lib/gems/1.9.1/gems/sinatra-1.4.5/lib/sinatra/base.rb:1478:in `block in call'
	/var/lib/gems/1.9.1/gems/sinatra-1.4.5/lib/sinatra/base.rb:1788:in `synchronize'
	/var/lib/gems/1.9.1/gems/sinatra-1.4.5/lib/sinatra/base.rb:1478:in `call'
	/var/lib/gems/1.9.1/gems/rack-1.5.2/lib/rack/lint.rb:49:in `_call'
	/var/lib/gems/1.9.1/gems/rack-1.5.2/lib/rack/lint.rb:37:in `call'
	/var/lib/gems/1.9.1/gems/rack-1.5.2/lib/rack/showexceptions.rb:24:in `call'
	/var/lib/gems/1.9.1/gems/rack-1.5.2/lib/rack/commonlogger.rb:33:in `call'
	/var/lib/gems/1.9.1/gems/sinatra-1.4.5/lib/sinatra/base.rb:217:in `call'
	/var/lib/gems/1.9.1/gems/rack-1.5.2/lib/rack/chunked.rb:43:in `call'
	/var/lib/gems/1.9.1/gems/rack-1.5.2/lib/rack/content_length.rb:14:in `call'
	/var/lib/gems/1.9.1/gems/rack-1.5.2/lib/rack/handler/webrick.rb:60:in `service'
	/usr/lib/ruby/1.9.1/webrick/httpserver.rb:138:in `service'
	/usr/lib/ruby/1.9.1/webrick/httpserver.rb:94:in `run'
	/usr/lib/ruby/1.9.1/webrick/server.rb:191:in `block in start_thread'
208.185.23.206 - - [17/Oct/2014 15:00:38] "POST /foods HTTP/1.1" 500 170025 0.1449
208.185.23.206 - - [17/Oct/2014 15:02:44] "GET /foods/new HTTP/1.1" 200 759 0.0045
208.185.23.206 - - [17/Oct/2014 15:02:44] "GET /stylesheets/styles.css HTTP/1.1" 304 - 0.0023
[2014-10-17 15:02:44] WARN  Could not determine content-length of response body. Set content-length of the response or set Response#chunked = true
ActiveRecord::UnknownAttributeError - unknown attribute: cuisine:
	/var/lib/gems/1.9.1/gems/activerecord-4.1.6/lib/active_record/attribute_assignment.rb:50:in `rescue in _assign_attribute'
	/var/lib/gems/1.9.1/gems/activerecord-4.1.6/lib/active_record/attribute_assignment.rb:45:in `_assign_attribute'
	/var/lib/gems/1.9.1/gems/activerecord-4.1.6/lib/active_record/attribute_assignment.rb:32:in `block in assign_attributes'
	/var/lib/gems/1.9.1/gems/activerecord-4.1.6/lib/active_record/attribute_assignment.rb:26:in `each'
	/var/lib/gems/1.9.1/gems/activerecord-4.1.6/lib/active_record/attribute_assignment.rb:26:in `assign_attributes'
	/var/lib/gems/1.9.1/gems/activerecord-4.1.6/lib/active_record/core.rb:455:in `init_attributes'
	/var/lib/gems/1.9.1/gems/activerecord-4.1.6/lib/active_record/core.rb:198:in `initialize'
	/var/lib/gems/1.9.1/gems/activerecord-4.1.6/lib/active_record/inheritance.rb:30:in `new'
	/var/lib/gems/1.9.1/gems/activerecord-4.1.6/lib/active_record/inheritance.rb:30:in `new'
	/var/lib/gems/1.9.1/gems/activerecord-4.1.6/lib/active_record/persistence.rb:33:in `create'
	/root/RESTurant_app/app.rb:41:in `block in <top (required)>'
	/var/lib/gems/1.9.1/gems/sinatra-1.4.5/lib/sinatra/base.rb:1603:in `call'
	/var/lib/gems/1.9.1/gems/sinatra-1.4.5/lib/sinatra/base.rb:1603:in `block in compile!'
	/var/lib/gems/1.9.1/gems/sinatra-1.4.5/lib/sinatra/base.rb:966:in `[]'
	/var/lib/gems/1.9.1/gems/sinatra-1.4.5/lib/sinatra/base.rb:966:in `block (3 levels) in route!'
	/var/lib/gems/1.9.1/gems/sinatra-1.4.5/lib/sinatra/base.rb:985:in `route_eval'
	/var/lib/gems/1.9.1/gems/sinatra-1.4.5/lib/sinatra/base.rb:966:in `block (2 levels) in route!'
	/var/lib/gems/1.9.1/gems/sinatra-1.4.5/lib/sinatra/base.rb:1006:in `block in process_route'
	/var/lib/gems/1.9.1/gems/sinatra-1.4.5/lib/sinatra/base.rb:1004:in `catch'
	/var/lib/gems/1.9.1/gems/sinatra-1.4.5/lib/sinatra/base.rb:1004:in `process_route'
	/var/lib/gems/1.9.1/gems/sinatra-1.4.5/lib/sinatra/base.rb:964:in `block in route!'
	/var/lib/gems/1.9.1/gems/sinatra-1.4.5/lib/sinatra/base.rb:963:in `each'
	/var/lib/gems/1.9.1/gems/sinatra-1.4.5/lib/sinatra/base.rb:963:in `route!'
	/var/lib/gems/1.9.1/gems/sinatra-1.4.5/lib/sinatra/base.rb:1076:in `block in dispatch!'
	/var/lib/gems/1.9.1/gems/sinatra-1.4.5/lib/sinatra/base.rb:1058:in `block in invoke'
	/var/lib/gems/1.9.1/gems/sinatra-1.4.5/lib/sinatra/base.rb:1058:in `catch'
	/var/lib/gems/1.9.1/gems/sinatra-1.4.5/lib/sinatra/base.rb:1058:in `invoke'
	/var/lib/gems/1.9.1/gems/sinatra-1.4.5/lib/sinatra/base.rb:1073:in `dispatch!'
	/var/lib/gems/1.9.1/gems/sinatra-1.4.5/lib/sinatra/base.rb:898:in `block in call!'
	/var/lib/gems/1.9.1/gems/sinatra-1.4.5/lib/sinatra/base.rb:1058:in `block in invoke'
	/var/lib/gems/1.9.1/gems/sinatra-1.4.5/lib/sinatra/base.rb:1058:in `catch'
	/var/lib/gems/1.9.1/gems/sinatra-1.4.5/lib/sinatra/base.rb:1058:in `invoke'
	/var/lib/gems/1.9.1/gems/sinatra-1.4.5/lib/sinatra/base.rb:898:in `call!'
	/var/lib/gems/1.9.1/gems/sinatra-1.4.5/lib/sinatra/base.rb:886:in `call'
	/var/lib/gems/1.9.1/gems/rack-protection-1.5.3/lib/rack/protection/xss_header.rb:18:in `call'
	/var/lib/gems/1.9.1/gems/rack-protection-1.5.3/lib/rack/protection/path_traversal.rb:16:in `call'
	/var/lib/gems/1.9.1/gems/rack-protection-1.5.3/lib/rack/protection/json_csrf.rb:18:in `call'
	/var/lib/gems/1.9.1/gems/rack-protection-1.5.3/lib/rack/protection/base.rb:49:in `call'
	/var/lib/gems/1.9.1/gems/rack-protection-1.5.3/lib/rack/protection/base.rb:49:in `call'
	/var/lib/gems/1.9.1/gems/rack-protection-1.5.3/lib/rack/protection/frame_options.rb:31:in `call'
	/var/lib/gems/1.9.1/gems/rack-1.5.2/lib/rack/logger.rb:15:in `call'
	/var/lib/gems/1.9.1/gems/sinatra-1.4.5/lib/sinatra/base.rb:210:in `call'
	/var/lib/gems/1.9.1/gems/rack-1.5.2/lib/rack/head.rb:11:in `call'
	/var/lib/gems/1.9.1/gems/rack-1.5.2/lib/rack/methodoverride.rb:21:in `call'
	/var/lib/gems/1.9.1/gems/sinatra-1.4.5/lib/sinatra/show_exceptions.rb:21:in `call'
	/var/lib/gems/1.9.1/gems/sinatra-1.4.5/lib/sinatra/base.rb:180:in `call'
	/var/lib/gems/1.9.1/gems/sinatra-1.4.5/lib/sinatra/base.rb:2014:in `call'
	/var/lib/gems/1.9.1/gems/sinatra-1.4.5/lib/sinatra/base.rb:1478:in `block in call'
	/var/lib/gems/1.9.1/gems/sinatra-1.4.5/lib/sinatra/base.rb:1788:in `synchronize'
	/var/lib/gems/1.9.1/gems/sinatra-1.4.5/lib/sinatra/base.rb:1478:in `call'
	/var/lib/gems/1.9.1/gems/rack-1.5.2/lib/rack/lint.rb:49:in `_call'
	/var/lib/gems/1.9.1/gems/rack-1.5.2/lib/rack/lint.rb:37:in `call'
	/var/lib/gems/1.9.1/gems/rack-1.5.2/lib/rack/showexceptions.rb:24:in `call'
	/var/lib/gems/1.9.1/gems/rack-1.5.2/lib/rack/commonlogger.rb:33:in `call'
	/var/lib/gems/1.9.1/gems/sinatra-1.4.5/lib/sinatra/base.rb:217:in `call'
	/var/lib/gems/1.9.1/gems/rack-1.5.2/lib/rack/chunked.rb:43:in `call'
	/var/lib/gems/1.9.1/gems/rack-1.5.2/lib/rack/content_length.rb:14:in `call'
	/var/lib/gems/1.9.1/gems/rack-1.5.2/lib/rack/handler/webrick.rb:60:in `service'
	/usr/lib/ruby/1.9.1/webrick/httpserver.rb:138:in `service'
	/usr/lib/ruby/1.9.1/webrick/httpserver.rb:94:in `run'
	/usr/lib/ruby/1.9.1/webrick/server.rb:191:in `block in start_thread'
208.185.23.206 - - [17/Oct/2014 15:03:00] "POST /foods HTTP/1.1" 500 170028 0.1316
ActiveRecord::UnknownAttributeError - unknown attribute: cuisine:
	/var/lib/gems/1.9.1/gems/activerecord-4.1.6/lib/active_record/attribute_assignment.rb:50:in `rescue in _assign_attribute'
	/var/lib/gems/1.9.1/gems/activerecord-4.1.6/lib/active_record/attribute_assignment.rb:45:in `_assign_attribute'
	/var/lib/gems/1.9.1/gems/activerecord-4.1.6/lib/active_record/attribute_assignment.rb:32:in `block in assign_attributes'
	/var/lib/gems/1.9.1/gems/activerecord-4.1.6/lib/active_record/attribute_assignment.rb:26:in `each'
	/var/lib/gems/1.9.1/gems/activerecord-4.1.6/lib/active_record/attribute_assignment.rb:26:in `assign_attributes'
	/var/lib/gems/1.9.1/gems/activerecord-4.1.6/lib/active_record/core.rb:455:in `init_attributes'
	/var/lib/gems/1.9.1/gems/activerecord-4.1.6/lib/active_record/core.rb:198:in `initialize'
	/var/lib/gems/1.9.1/gems/activerecord-4.1.6/lib/active_record/inheritance.rb:30:in `new'
	/var/lib/gems/1.9.1/gems/activerecord-4.1.6/lib/active_record/inheritance.rb:30:in `new'
	/var/lib/gems/1.9.1/gems/activerecord-4.1.6/lib/active_record/persistence.rb:33:in `create'
	/root/RESTurant_app/app.rb:41:in `block in <top (required)>'
	/var/lib/gems/1.9.1/gems/sinatra-1.4.5/lib/sinatra/base.rb:1603:in `call'
	/var/lib/gems/1.9.1/gems/sinatra-1.4.5/lib/sinatra/base.rb:1603:in `block in compile!'
	/var/lib/gems/1.9.1/gems/sinatra-1.4.5/lib/sinatra/base.rb:966:in `[]'
	/var/lib/gems/1.9.1/gems/sinatra-1.4.5/lib/sinatra/base.rb:966:in `block (3 levels) in route!'
	/var/lib/gems/1.9.1/gems/sinatra-1.4.5/lib/sinatra/base.rb:985:in `route_eval'
	/var/lib/gems/1.9.1/gems/sinatra-1.4.5/lib/sinatra/base.rb:966:in `block (2 levels) in route!'
	/var/lib/gems/1.9.1/gems/sinatra-1.4.5/lib/sinatra/base.rb:1006:in `block in process_route'
	/var/lib/gems/1.9.1/gems/sinatra-1.4.5/lib/sinatra/base.rb:1004:in `catch'
	/var/lib/gems/1.9.1/gems/sinatra-1.4.5/lib/sinatra/base.rb:1004:in `process_route'
	/var/lib/gems/1.9.1/gems/sinatra-1.4.5/lib/sinatra/base.rb:964:in `block in route!'
	/var/lib/gems/1.9.1/gems/sinatra-1.4.5/lib/sinatra/base.rb:963:in `each'
	/var/lib/gems/1.9.1/gems/sinatra-1.4.5/lib/sinatra/base.rb:963:in `route!'
	/var/lib/gems/1.9.1/gems/sinatra-1.4.5/lib/sinatra/base.rb:1076:in `block in dispatch!'
	/var/lib/gems/1.9.1/gems/sinatra-1.4.5/lib/sinatra/base.rb:1058:in `block in invoke'
	/var/lib/gems/1.9.1/gems/sinatra-1.4.5/lib/sinatra/base.rb:1058:in `catch'
	/var/lib/gems/1.9.1/gems/sinatra-1.4.5/lib/sinatra/base.rb:1058:in `invoke'
	/var/lib/gems/1.9.1/gems/sinatra-1.4.5/lib/sinatra/base.rb:1073:in `dispatch!'
	/var/lib/gems/1.9.1/gems/sinatra-1.4.5/lib/sinatra/base.rb:898:in `block in call!'
	/var/lib/gems/1.9.1/gems/sinatra-1.4.5/lib/sinatra/base.rb:1058:in `block in invoke'
	/var/lib/gems/1.9.1/gems/sinatra-1.4.5/lib/sinatra/base.rb:1058:in `catch'
	/var/lib/gems/1.9.1/gems/sinatra-1.4.5/lib/sinatra/base.rb:1058:in `invoke'
	/var/lib/gems/1.9.1/gems/sinatra-1.4.5/lib/sinatra/base.rb:898:in `call!'
	/var/lib/gems/1.9.1/gems/sinatra-1.4.5/lib/sinatra/base.rb:886:in `call'
	/var/lib/gems/1.9.1/gems/rack-protection-1.5.3/lib/rack/protection/xss_header.rb:18:in `call'
	/var/lib/gems/1.9.1/gems/rack-protection-1.5.3/lib/rack/protection/path_traversal.rb:16:in `call'
	/var/lib/gems/1.9.1/gems/rack-protection-1.5.3/lib/rack/protection/json_csrf.rb:18:in `call'
	/var/lib/gems/1.9.1/gems/rack-protection-1.5.3/lib/rack/protection/base.rb:49:in `call'
	/var/lib/gems/1.9.1/gems/rack-protection-1.5.3/lib/rack/protection/base.rb:49:in `call'
	/var/lib/gems/1.9.1/gems/rack-protection-1.5.3/lib/rack/protection/frame_options.rb:31:in `call'
	/var/lib/gems/1.9.1/gems/rack-1.5.2/lib/rack/logger.rb:15:in `call'
	/var/lib/gems/1.9.1/gems/sinatra-1.4.5/lib/sinatra/base.rb:210:in `call'
	/var/lib/gems/1.9.1/gems/rack-1.5.2/lib/rack/head.rb:11:in `call'
	/var/lib/gems/1.9.1/gems/rack-1.5.2/lib/rack/methodoverride.rb:21:in `call'
	/var/lib/gems/1.9.1/gems/sinatra-1.4.5/lib/sinatra/show_exceptions.rb:21:in `call'
	/var/lib/gems/1.9.1/gems/sinatra-1.4.5/lib/sinatra/base.rb:180:in `call'
	/var/lib/gems/1.9.1/gems/sinatra-1.4.5/lib/sinatra/base.rb:2014:in `call'
	/var/lib/gems/1.9.1/gems/sinatra-1.4.5/lib/sinatra/base.rb:1478:in `block in call'
	/var/lib/gems/1.9.1/gems/sinatra-1.4.5/lib/sinatra/base.rb:1788:in `synchronize'
	/var/lib/gems/1.9.1/gems/sinatra-1.4.5/lib/sinatra/base.rb:1478:in `call'
	/var/lib/gems/1.9.1/gems/rack-1.5.2/lib/rack/lint.rb:49:in `_call'
	/var/lib/gems/1.9.1/gems/rack-1.5.2/lib/rack/lint.rb:37:in `call'
	/var/lib/gems/1.9.1/gems/rack-1.5.2/lib/rack/showexceptions.rb:24:in `call'
	/var/lib/gems/1.9.1/gems/rack-1.5.2/lib/rack/commonlogger.rb:33:in `call'
	/var/lib/gems/1.9.1/gems/sinatra-1.4.5/lib/sinatra/base.rb:217:in `call'
	/var/lib/gems/1.9.1/gems/rack-1.5.2/lib/rack/chunked.rb:43:in `call'
	/var/lib/gems/1.9.1/gems/rack-1.5.2/lib/rack/content_length.rb:14:in `call'
	/var/lib/gems/1.9.1/gems/rack-1.5.2/lib/rack/handler/webrick.rb:60:in `service'
	/usr/lib/ruby/1.9.1/webrick/httpserver.rb:138:in `service'
	/usr/lib/ruby/1.9.1/webrick/httpserver.rb:94:in `run'
	/usr/lib/ruby/1.9.1/webrick/server.rb:191:in `block in start_thread'
208.185.23.206 - - [17/Oct/2014 15:03:34] "POST /foods HTTP/1.1" 500 170028 0.1058
208.185.23.206 - - [17/Oct/2014 15:03:35] "GET /__sinatra__/500.png HTTP/1.1" 304 - 0.0021
[2014-10-17 15:03:35] WARN  Could not determine content-length of response body. Set content-length of the response or set Response#chunked = true
208.185.23.206 - - [17/Oct/2014 15:04:20] "GET /foods HTTP/1.1" 200 627 0.0086
208.185.23.206 - - [17/Oct/2014 15:04:30] "GET / HTTP/1.1" 200 683 0.0046
208.185.23.206 - - [17/Oct/2014 15:04:32] "GET /foods HTTP/1.1" 200 627 0.0077
208.185.23.206 - - [17/Oct/2014 15:04:34] "GET /foods/new HTTP/1.1" 200 759 0.0051
ActiveRecord::UnknownAttributeError - unknown attribute: cuisine:
	/var/lib/gems/1.9.1/gems/activerecord-4.1.6/lib/active_record/attribute_assignment.rb:50:in `rescue in _assign_attribute'
	/var/lib/gems/1.9.1/gems/activerecord-4.1.6/lib/active_record/attribute_assignment.rb:45:in `_assign_attribute'
	/var/lib/gems/1.9.1/gems/activerecord-4.1.6/lib/active_record/attribute_assignment.rb:32:in `block in assign_attributes'
	/var/lib/gems/1.9.1/gems/activerecord-4.1.6/lib/active_record/attribute_assignment.rb:26:in `each'
	/var/lib/gems/1.9.1/gems/activerecord-4.1.6/lib/active_record/attribute_assignment.rb:26:in `assign_attributes'
	/var/lib/gems/1.9.1/gems/activerecord-4.1.6/lib/active_record/core.rb:455:in `init_attributes'
	/var/lib/gems/1.9.1/gems/activerecord-4.1.6/lib/active_record/core.rb:198:in `initialize'
	/var/lib/gems/1.9.1/gems/activerecord-4.1.6/lib/active_record/inheritance.rb:30:in `new'
	/var/lib/gems/1.9.1/gems/activerecord-4.1.6/lib/active_record/inheritance.rb:30:in `new'
	/var/lib/gems/1.9.1/gems/activerecord-4.1.6/lib/active_record/persistence.rb:33:in `create'
	/root/RESTurant_app/app.rb:41:in `block in <top (required)>'
	/var/lib/gems/1.9.1/gems/sinatra-1.4.5/lib/sinatra/base.rb:1603:in `call'
	/var/lib/gems/1.9.1/gems/sinatra-1.4.5/lib/sinatra/base.rb:1603:in `block in compile!'
	/var/lib/gems/1.9.1/gems/sinatra-1.4.5/lib/sinatra/base.rb:966:in `[]'
	/var/lib/gems/1.9.1/gems/sinatra-1.4.5/lib/sinatra/base.rb:966:in `block (3 levels) in route!'
	/var/lib/gems/1.9.1/gems/sinatra-1.4.5/lib/sinatra/base.rb:985:in `route_eval'
	/var/lib/gems/1.9.1/gems/sinatra-1.4.5/lib/sinatra/base.rb:966:in `block (2 levels) in route!'
	/var/lib/gems/1.9.1/gems/sinatra-1.4.5/lib/sinatra/base.rb:1006:in `block in process_route'
	/var/lib/gems/1.9.1/gems/sinatra-1.4.5/lib/sinatra/base.rb:1004:in `catch'
	/var/lib/gems/1.9.1/gems/sinatra-1.4.5/lib/sinatra/base.rb:1004:in `process_route'
	/var/lib/gems/1.9.1/gems/sinatra-1.4.5/lib/sinatra/base.rb:964:in `block in route!'
	/var/lib/gems/1.9.1/gems/sinatra-1.4.5/lib/sinatra/base.rb:963:in `each'
	/var/lib/gems/1.9.1/gems/sinatra-1.4.5/lib/sinatra/base.rb:963:in `route!'
	/var/lib/gems/1.9.1/gems/sinatra-1.4.5/lib/sinatra/base.rb:1076:in `block in dispatch!'
	/var/lib/gems/1.9.1/gems/sinatra-1.4.5/lib/sinatra/base.rb:1058:in `block in invoke'
	/var/lib/gems/1.9.1/gems/sinatra-1.4.5/lib/sinatra/base.rb:1058:in `catch'
	/var/lib/gems/1.9.1/gems/sinatra-1.4.5/lib/sinatra/base.rb:1058:in `invoke'
	/var/lib/gems/1.9.1/gems/sinatra-1.4.5/lib/sinatra/base.rb:1073:in `dispatch!'
	/var/lib/gems/1.9.1/gems/sinatra-1.4.5/lib/sinatra/base.rb:898:in `block in call!'
	/var/lib/gems/1.9.1/gems/sinatra-1.4.5/lib/sinatra/base.rb:1058:in `block in invoke'
	/var/lib/gems/1.9.1/gems/sinatra-1.4.5/lib/sinatra/base.rb:1058:in `catch'
	/var/lib/gems/1.9.1/gems/sinatra-1.4.5/lib/sinatra/base.rb:1058:in `invoke'
	/var/lib/gems/1.9.1/gems/sinatra-1.4.5/lib/sinatra/base.rb:898:in `call!'
	/var/lib/gems/1.9.1/gems/sinatra-1.4.5/lib/sinatra/base.rb:886:in `call'
	/var/lib/gems/1.9.1/gems/rack-protection-1.5.3/lib/rack/protection/xss_header.rb:18:in `call'
	/var/lib/gems/1.9.1/gems/rack-protection-1.5.3/lib/rack/protection/path_traversal.rb:16:in `call'
	/var/lib/gems/1.9.1/gems/rack-protection-1.5.3/lib/rack/protection/json_csrf.rb:18:in `call'
	/var/lib/gems/1.9.1/gems/rack-protection-1.5.3/lib/rack/protection/base.rb:49:in `call'
	/var/lib/gems/1.9.1/gems/rack-protection-1.5.3/lib/rack/protection/base.rb:49:in `call'
	/var/lib/gems/1.9.1/gems/rack-protection-1.5.3/lib/rack/protection/frame_options.rb:31:in `call'
	/var/lib/gems/1.9.1/gems/rack-1.5.2/lib/rack/logger.rb:15:in `call'
	/var/lib/gems/1.9.1/gems/sinatra-1.4.5/lib/sinatra/base.rb:210:in `call'
	/var/lib/gems/1.9.1/gems/rack-1.5.2/lib/rack/head.rb:11:in `call'
	/var/lib/gems/1.9.1/gems/rack-1.5.2/lib/rack/methodoverride.rb:21:in `call'
	/var/lib/gems/1.9.1/gems/sinatra-1.4.5/lib/sinatra/show_exceptions.rb:21:in `call'
	/var/lib/gems/1.9.1/gems/sinatra-1.4.5/lib/sinatra/base.rb:180:in `call'
	/var/lib/gems/1.9.1/gems/sinatra-1.4.5/lib/sinatra/base.rb:2014:in `call'
	/var/lib/gems/1.9.1/gems/sinatra-1.4.5/lib/sinatra/base.rb:1478:in `block in call'
	/var/lib/gems/1.9.1/gems/sinatra-1.4.5/lib/sinatra/base.rb:1788:in `synchronize'
	/var/lib/gems/1.9.1/gems/sinatra-1.4.5/lib/sinatra/base.rb:1478:in `call'
	/var/lib/gems/1.9.1/gems/rack-1.5.2/lib/rack/lint.rb:49:in `_call'
	/var/lib/gems/1.9.1/gems/rack-1.5.2/lib/rack/lint.rb:37:in `call'
	/var/lib/gems/1.9.1/gems/rack-1.5.2/lib/rack/showexceptions.rb:24:in `call'
	/var/lib/gems/1.9.1/gems/rack-1.5.2/lib/rack/commonlogger.rb:33:in `call'
	/var/lib/gems/1.9.1/gems/sinatra-1.4.5/lib/sinatra/base.rb:217:in `call'
	/var/lib/gems/1.9.1/gems/rack-1.5.2/lib/rack/chunked.rb:43:in `call'
	/var/lib/gems/1.9.1/gems/rack-1.5.2/lib/rack/content_length.rb:14:in `call'
	/var/lib/gems/1.9.1/gems/rack-1.5.2/lib/rack/handler/webrick.rb:60:in `service'
	/usr/lib/ruby/1.9.1/webrick/httpserver.rb:138:in `service'
	/usr/lib/ruby/1.9.1/webrick/httpserver.rb:94:in `run'
	/usr/lib/ruby/1.9.1/webrick/server.rb:191:in `block in start_thread'
208.185.23.206 - - [17/Oct/2014 15:04:55] "POST /foods HTTP/1.1" 500 170019 0.1043
208.185.23.206 - - [17/Oct/2014 15:05:58] "GET /foods/new HTTP/1.1" 200 759 0.0107
208.185.23.206 - - [17/Oct/2014 15:05:58] "GET /stylesheets/styles.css HTTP/1.1" 304 - 0.0021
[2014-10-17 15:05:58] WARN  Could not determine content-length of response body. Set content-length of the response or set Response#chunked = true
208.185.23.206 - - [17/Oct/2014 15:06:07] "GET / HTTP/1.1" 200 683 0.0077
208.185.23.206 - - [17/Oct/2014 15:06:08] "GET /foods HTTP/1.1" 200 627 0.0197
208.185.23.206 - - [17/Oct/2014 15:06:10] "GET /foods/new HTTP/1.1" 200 759 0.0626
ActiveRecord::UnknownAttributeError - unknown attribute: cuisine:
	/var/lib/gems/1.9.1/gems/activerecord-4.1.6/lib/active_record/attribute_assignment.rb:50:in `rescue in _assign_attribute'
	/var/lib/gems/1.9.1/gems/activerecord-4.1.6/lib/active_record/attribute_assignment.rb:45:in `_assign_attribute'
	/var/lib/gems/1.9.1/gems/activerecord-4.1.6/lib/active_record/attribute_assignment.rb:32:in `block in assign_attributes'
	/var/lib/gems/1.9.1/gems/activerecord-4.1.6/lib/active_record/attribute_assignment.rb:26:in `each'
	/var/lib/gems/1.9.1/gems/activerecord-4.1.6/lib/active_record/attribute_assignment.rb:26:in `assign_attributes'
	/var/lib/gems/1.9.1/gems/activerecord-4.1.6/lib/active_record/core.rb:455:in `init_attributes'
	/var/lib/gems/1.9.1/gems/activerecord-4.1.6/lib/active_record/core.rb:198:in `initialize'
	/var/lib/gems/1.9.1/gems/activerecord-4.1.6/lib/active_record/inheritance.rb:30:in `new'
	/var/lib/gems/1.9.1/gems/activerecord-4.1.6/lib/active_record/inheritance.rb:30:in `new'
	/var/lib/gems/1.9.1/gems/activerecord-4.1.6/lib/active_record/persistence.rb:33:in `create'
	/root/RESTurant_app/app.rb:41:in `block in <top (required)>'
	/var/lib/gems/1.9.1/gems/sinatra-1.4.5/lib/sinatra/base.rb:1603:in `call'
	/var/lib/gems/1.9.1/gems/sinatra-1.4.5/lib/sinatra/base.rb:1603:in `block in compile!'
	/var/lib/gems/1.9.1/gems/sinatra-1.4.5/lib/sinatra/base.rb:966:in `[]'
	/var/lib/gems/1.9.1/gems/sinatra-1.4.5/lib/sinatra/base.rb:966:in `block (3 levels) in route!'
	/var/lib/gems/1.9.1/gems/sinatra-1.4.5/lib/sinatra/base.rb:985:in `route_eval'
	/var/lib/gems/1.9.1/gems/sinatra-1.4.5/lib/sinatra/base.rb:966:in `block (2 levels) in route!'
	/var/lib/gems/1.9.1/gems/sinatra-1.4.5/lib/sinatra/base.rb:1006:in `block in process_route'
	/var/lib/gems/1.9.1/gems/sinatra-1.4.5/lib/sinatra/base.rb:1004:in `catch'
	/var/lib/gems/1.9.1/gems/sinatra-1.4.5/lib/sinatra/base.rb:1004:in `process_route'
	/var/lib/gems/1.9.1/gems/sinatra-1.4.5/lib/sinatra/base.rb:964:in `block in route!'
	/var/lib/gems/1.9.1/gems/sinatra-1.4.5/lib/sinatra/base.rb:963:in `each'
	/var/lib/gems/1.9.1/gems/sinatra-1.4.5/lib/sinatra/base.rb:963:in `route!'
	/var/lib/gems/1.9.1/gems/sinatra-1.4.5/lib/sinatra/base.rb:1076:in `block in dispatch!'
	/var/lib/gems/1.9.1/gems/sinatra-1.4.5/lib/sinatra/base.rb:1058:in `block in invoke'
	/var/lib/gems/1.9.1/gems/sinatra-1.4.5/lib/sinatra/base.rb:1058:in `catch'
	/var/lib/gems/1.9.1/gems/sinatra-1.4.5/lib/sinatra/base.rb:1058:in `invoke'
	/var/lib/gems/1.9.1/gems/sinatra-1.4.5/lib/sinatra/base.rb:1073:in `dispatch!'
	/var/lib/gems/1.9.1/gems/sinatra-1.4.5/lib/sinatra/base.rb:898:in `block in call!'
	/var/lib/gems/1.9.1/gems/sinatra-1.4.5/lib/sinatra/base.rb:1058:in `block in invoke'
	/var/lib/gems/1.9.1/gems/sinatra-1.4.5/lib/sinatra/base.rb:1058:in `catch'
	/var/lib/gems/1.9.1/gems/sinatra-1.4.5/lib/sinatra/base.rb:1058:in `invoke'
	/var/lib/gems/1.9.1/gems/sinatra-1.4.5/lib/sinatra/base.rb:898:in `call!'
	/var/lib/gems/1.9.1/gems/sinatra-1.4.5/lib/sinatra/base.rb:886:in `call'
	/var/lib/gems/1.9.1/gems/rack-protection-1.5.3/lib/rack/protection/xss_header.rb:18:in `call'
	/var/lib/gems/1.9.1/gems/rack-protection-1.5.3/lib/rack/protection/path_traversal.rb:16:in `call'
	/var/lib/gems/1.9.1/gems/rack-protection-1.5.3/lib/rack/protection/json_csrf.rb:18:in `call'
	/var/lib/gems/1.9.1/gems/rack-protection-1.5.3/lib/rack/protection/base.rb:49:in `call'
	/var/lib/gems/1.9.1/gems/rack-protection-1.5.3/lib/rack/protection/base.rb:49:in `call'
	/var/lib/gems/1.9.1/gems/rack-protection-1.5.3/lib/rack/protection/frame_options.rb:31:in `call'
	/var/lib/gems/1.9.1/gems/rack-1.5.2/lib/rack/logger.rb:15:in `call'
	/var/lib/gems/1.9.1/gems/sinatra-1.4.5/lib/sinatra/base.rb:210:in `call'
	/var/lib/gems/1.9.1/gems/rack-1.5.2/lib/rack/head.rb:11:in `call'
	/var/lib/gems/1.9.1/gems/rack-1.5.2/lib/rack/methodoverride.rb:21:in `call'
	/var/lib/gems/1.9.1/gems/sinatra-1.4.5/lib/sinatra/show_exceptions.rb:21:in `call'
	/var/lib/gems/1.9.1/gems/sinatra-1.4.5/lib/sinatra/base.rb:180:in `call'
	/var/lib/gems/1.9.1/gems/sinatra-1.4.5/lib/sinatra/base.rb:2014:in `call'
	/var/lib/gems/1.9.1/gems/sinatra-1.4.5/lib/sinatra/base.rb:1478:in `block in call'
	/var/lib/gems/1.9.1/gems/sinatra-1.4.5/lib/sinatra/base.rb:1788:in `synchronize'
	/var/lib/gems/1.9.1/gems/sinatra-1.4.5/lib/sinatra/base.rb:1478:in `call'
	/var/lib/gems/1.9.1/gems/rack-1.5.2/lib/rack/lint.rb:49:in `_call'
	/var/lib/gems/1.9.1/gems/rack-1.5.2/lib/rack/lint.rb:37:in `call'
	/var/lib/gems/1.9.1/gems/rack-1.5.2/lib/rack/showexceptions.rb:24:in `call'
	/var/lib/gems/1.9.1/gems/rack-1.5.2/lib/rack/commonlogger.rb:33:in `call'
	/var/lib/gems/1.9.1/gems/sinatra-1.4.5/lib/sinatra/base.rb:217:in `call'
	/var/lib/gems/1.9.1/gems/rack-1.5.2/lib/rack/chunked.rb:43:in `call'
	/var/lib/gems/1.9.1/gems/rack-1.5.2/lib/rack/content_length.rb:14:in `call'
	/var/lib/gems/1.9.1/gems/rack-1.5.2/lib/rack/handler/webrick.rb:60:in `service'
	/usr/lib/ruby/1.9.1/webrick/httpserver.rb:138:in `service'
	/usr/lib/ruby/1.9.1/webrick/httpserver.rb:94:in `run'
	/usr/lib/ruby/1.9.1/webrick/server.rb:191:in `block in start_thread'
208.185.23.206 - - [17/Oct/2014 15:06:19] "POST /foods HTTP/1.1" 500 170019 0.0794
ActiveRecord::UnknownAttributeError - unknown attribute: cuisine:
	/var/lib/gems/1.9.1/gems/activerecord-4.1.6/lib/active_record/attribute_assignment.rb:50:in `rescue in _assign_attribute'
	/var/lib/gems/1.9.1/gems/activerecord-4.1.6/lib/active_record/attribute_assignment.rb:45:in `_assign_attribute'
	/var/lib/gems/1.9.1/gems/activerecord-4.1.6/lib/active_record/attribute_assignment.rb:32:in `block in assign_attributes'
	/var/lib/gems/1.9.1/gems/activerecord-4.1.6/lib/active_record/attribute_assignment.rb:26:in `each'
	/var/lib/gems/1.9.1/gems/activerecord-4.1.6/lib/active_record/attribute_assignment.rb:26:in `assign_attributes'
	/var/lib/gems/1.9.1/gems/activerecord-4.1.6/lib/active_record/core.rb:455:in `init_attributes'
	/var/lib/gems/1.9.1/gems/activerecord-4.1.6/lib/active_record/core.rb:198:in `initialize'
	/var/lib/gems/1.9.1/gems/activerecord-4.1.6/lib/active_record/inheritance.rb:30:in `new'
	/var/lib/gems/1.9.1/gems/activerecord-4.1.6/lib/active_record/inheritance.rb:30:in `new'
	/var/lib/gems/1.9.1/gems/activerecord-4.1.6/lib/active_record/persistence.rb:33:in `create'
	/root/RESTurant_app/app.rb:41:in `block in <top (required)>'
	/var/lib/gems/1.9.1/gems/sinatra-1.4.5/lib/sinatra/base.rb:1603:in `call'
	/var/lib/gems/1.9.1/gems/sinatra-1.4.5/lib/sinatra/base.rb:1603:in `block in compile!'
	/var/lib/gems/1.9.1/gems/sinatra-1.4.5/lib/sinatra/base.rb:966:in `[]'
	/var/lib/gems/1.9.1/gems/sinatra-1.4.5/lib/sinatra/base.rb:966:in `block (3 levels) in route!'
	/var/lib/gems/1.9.1/gems/sinatra-1.4.5/lib/sinatra/base.rb:985:in `route_eval'
	/var/lib/gems/1.9.1/gems/sinatra-1.4.5/lib/sinatra/base.rb:966:in `block (2 levels) in route!'
	/var/lib/gems/1.9.1/gems/sinatra-1.4.5/lib/sinatra/base.rb:1006:in `block in process_route'
	/var/lib/gems/1.9.1/gems/sinatra-1.4.5/lib/sinatra/base.rb:1004:in `catch'
	/var/lib/gems/1.9.1/gems/sinatra-1.4.5/lib/sinatra/base.rb:1004:in `process_route'
	/var/lib/gems/1.9.1/gems/sinatra-1.4.5/lib/sinatra/base.rb:964:in `block in route!'
	/var/lib/gems/1.9.1/gems/sinatra-1.4.5/lib/sinatra/base.rb:963:in `each'
	/var/lib/gems/1.9.1/gems/sinatra-1.4.5/lib/sinatra/base.rb:963:in `route!'
	/var/lib/gems/1.9.1/gems/sinatra-1.4.5/lib/sinatra/base.rb:1076:in `block in dispatch!'
	/var/lib/gems/1.9.1/gems/sinatra-1.4.5/lib/sinatra/base.rb:1058:in `block in invoke'
	/var/lib/gems/1.9.1/gems/sinatra-1.4.5/lib/sinatra/base.rb:1058:in `catch'
	/var/lib/gems/1.9.1/gems/sinatra-1.4.5/lib/sinatra/base.rb:1058:in `invoke'
	/var/lib/gems/1.9.1/gems/sinatra-1.4.5/lib/sinatra/base.rb:1073:in `dispatch!'
	/var/lib/gems/1.9.1/gems/sinatra-1.4.5/lib/sinatra/base.rb:898:in `block in call!'
	/var/lib/gems/1.9.1/gems/sinatra-1.4.5/lib/sinatra/base.rb:1058:in `block in invoke'
	/var/lib/gems/1.9.1/gems/sinatra-1.4.5/lib/sinatra/base.rb:1058:in `catch'
	/var/lib/gems/1.9.1/gems/sinatra-1.4.5/lib/sinatra/base.rb:1058:in `invoke'
	/var/lib/gems/1.9.1/gems/sinatra-1.4.5/lib/sinatra/base.rb:898:in `call!'
	/var/lib/gems/1.9.1/gems/sinatra-1.4.5/lib/sinatra/base.rb:886:in `call'
	/var/lib/gems/1.9.1/gems/rack-protection-1.5.3/lib/rack/protection/xss_header.rb:18:in `call'
	/var/lib/gems/1.9.1/gems/rack-protection-1.5.3/lib/rack/protection/path_traversal.rb:16:in `call'
	/var/lib/gems/1.9.1/gems/rack-protection-1.5.3/lib/rack/protection/json_csrf.rb:18:in `call'
	/var/lib/gems/1.9.1/gems/rack-protection-1.5.3/lib/rack/protection/base.rb:49:in `call'
	/var/lib/gems/1.9.1/gems/rack-protection-1.5.3/lib/rack/protection/base.rb:49:in `call'
	/var/lib/gems/1.9.1/gems/rack-protection-1.5.3/lib/rack/protection/frame_options.rb:31:in `call'
	/var/lib/gems/1.9.1/gems/rack-1.5.2/lib/rack/logger.rb:15:in `call'
	/var/lib/gems/1.9.1/gems/sinatra-1.4.5/lib/sinatra/base.rb:210:in `call'
	/var/lib/gems/1.9.1/gems/rack-1.5.2/lib/rack/head.rb:11:in `call'
	/var/lib/gems/1.9.1/gems/rack-1.5.2/lib/rack/methodoverride.rb:21:in `call'
	/var/lib/gems/1.9.1/gems/sinatra-1.4.5/lib/sinatra/show_exceptions.rb:21:in `call'
	/var/lib/gems/1.9.1/gems/sinatra-1.4.5/lib/sinatra/base.rb:180:in `call'
	/var/lib/gems/1.9.1/gems/sinatra-1.4.5/lib/sinatra/base.rb:2014:in `call'
	/var/lib/gems/1.9.1/gems/sinatra-1.4.5/lib/sinatra/base.rb:1478:in `block in call'
	/var/lib/gems/1.9.1/gems/sinatra-1.4.5/lib/sinatra/base.rb:1788:in `synchronize'
	/var/lib/gems/1.9.1/gems/sinatra-1.4.5/lib/sinatra/base.rb:1478:in `call'
	/var/lib/gems/1.9.1/gems/rack-1.5.2/lib/rack/lint.rb:49:in `_call'
	/var/lib/gems/1.9.1/gems/rack-1.5.2/lib/rack/lint.rb:37:in `call'
	/var/lib/gems/1.9.1/gems/rack-1.5.2/lib/rack/showexceptions.rb:24:in `call'
	/var/lib/gems/1.9.1/gems/rack-1.5.2/lib/rack/commonlogger.rb:33:in `call'
	/var/lib/gems/1.9.1/gems/sinatra-1.4.5/lib/sinatra/base.rb:217:in `call'
	/var/lib/gems/1.9.1/gems/rack-1.5.2/lib/rack/chunked.rb:43:in `call'
	/var/lib/gems/1.9.1/gems/rack-1.5.2/lib/rack/content_length.rb:14:in `call'
	/var/lib/gems/1.9.1/gems/rack-1.5.2/lib/rack/handler/webrick.rb:60:in `service'
	/usr/lib/ruby/1.9.1/webrick/httpserver.rb:138:in `service'
	/usr/lib/ruby/1.9.1/webrick/httpserver.rb:94:in `run'
	/usr/lib/ruby/1.9.1/webrick/server.rb:191:in `block in start_thread'
208.185.23.206 - - [17/Oct/2014 15:12:56] "POST /foods HTTP/1.1" 500 170019 0.0736
